[2026-05-16 22:24:03] INFO - =======================================================
[2026-05-16 22:24:03] INFO - MetricGuard Monitoring Collector - Starting Up
[2026-05-16 22:24:03] INFO - =======================================================
[2026-05-16 22:24:03] INFO - Old metrics.json cleared
[2026-05-16 22:24:03] INFO - Old system.log cleared
[2026-05-16 22:24:03] INFO - Backend URL    : http://localhost:5000/metrics
[2026-05-16 22:24:03] INFO - Interval       : 5 seconds
[2026-05-16 22:24:03] INFO - Max Retries    : 3
[2026-05-16 22:24:03] INFO - Log File       : ../logs/system.log
[2026-05-16 22:24:03] INFO - Platform       : Windows-10-10.0.26200-SP0
[2026-05-16 22:24:03] INFO - =======================================================
[2026-05-16 22:24:03] INFO - --- Collection Cycle #1 ---
[2026-05-16 22:24:03] INFO - Collecting system metrics...
[2026-05-16 22:24:04] INFO - Metrics collected successfully
[2026-05-16 22:24:04] INFO - Metrics saved locally
[2026-05-16 22:24:04] INFO - Sending metrics to http://localhost:5000/metrics (attempt 1/3)
[2026-05-16 22:24:06] INFO - Metrics sent successfully (status 200)
[2026-05-16 22:24:06] INFO - Cycle #1 completed successfully
[2026-05-16 22:24:06] INFO - Sleeping 5 seconds until next cycle...
[2026-05-16 22:24:11] INFO - --- Collection Cycle #2 ---
[2026-05-16 22:24:11] INFO - Collecting system metrics...
[2026-05-16 22:24:12] INFO - Metrics collected successfully
[2026-05-16 22:24:12] INFO - Metrics saved locally
[2026-05-16 22:24:12] INFO - Sending metrics to http://localhost:5000/metrics (attempt 1/3)
[2026-05-16 22:24:14] INFO - Metrics sent successfully (status 200)
[2026-05-16 22:24:14] INFO - Cycle #2 completed successfully
[2026-05-16 22:24:14] INFO - Sleeping 5 seconds until next cycle...
[2026-05-16 22:24:19] INFO - --- Collection Cycle #3 ---
[2026-05-16 22:24:19] INFO - Collecting system metrics...
[2026-05-16 22:24:20] INFO - Metrics collected successfully
[2026-05-16 22:24:20] INFO - Metrics saved locally
[2026-05-16 22:24:20] INFO - Sending metrics to http://localhost:5000/metrics (attempt 1/3)
[2026-05-16 22:24:22] INFO - Metrics sent successfully (status 200)
[2026-05-16 22:24:22] INFO - Cycle #3 completed successfully
[2026-05-16 22:24:22] INFO - Sleeping 5 seconds until next cycle...
[2026-05-16 22:24:27] INFO - --- Collection Cycle #4 ---
[2026-05-16 22:24:27] INFO - Collecting system metrics...
[2026-05-16 22:24:28] INFO - Metrics collected successfully
[2026-05-16 22:24:28] INFO - Metrics saved locally
[2026-05-16 22:24:28] INFO - Sending metrics to http://localhost:5000/metrics (attempt 1/3)
[2026-05-16 22:24:33] ERROR - Connection failed (attempt 1/3): Backend at http://localhost:5000/metrics is unreachable
[2026-05-16 22:24:33] INFO - Retrying in 2 seconds...
[2026-05-16 22:24:35] INFO - Sending metrics to http://localhost:5000/metrics (attempt 2/3)
[2026-05-16 22:24:39] ERROR - Connection failed (attempt 2/3): Backend at http://localhost:5000/metrics is unreachable
[2026-05-16 22:24:39] INFO - Retrying in 4 seconds...
[2026-05-16 22:24:43] INFO - Sending metrics to http://localhost:5000/metrics (attempt 3/3)
[2026-05-16 22:24:47] ERROR - Connection failed (attempt 3/3): Backend at http://localhost:5000/metrics is unreachable
[2026-05-16 22:24:47] ERROR - All 3 attempts failed. Metrics will be lost for this cycle.
[2026-05-16 22:24:47] WARNING - Cycle #4 completed with errors (metrics not delivered)
[2026-05-16 22:24:47] INFO - Sleeping 5 seconds until next cycle...
[2026-05-16 22:24:52] INFO - --- Collection Cycle #5 ---
[2026-05-16 22:24:52] INFO - Collecting system metrics...
[2026-05-16 22:24:53] INFO - Metrics collected successfully
[2026-05-16 22:24:53] INFO - Metrics saved locally
[2026-05-16 22:24:53] INFO - Sending metrics to http://localhost:5000/metrics (attempt 1/3)
[2026-05-16 22:24:57] ERROR - Connection failed (attempt 1/3): Backend at http://localhost:5000/metrics is unreachable
[2026-05-16 22:24:57] INFO - Retrying in 2 seconds...
[2026-05-16 22:24:59] INFO - Sending metrics to http://localhost:5000/metrics (attempt 2/3)
[2026-05-16 22:25:03] ERROR - Connection failed (attempt 2/3): Backend at http://localhost:5000/metrics is unreachable
[2026-05-16 22:25:03] INFO - Retrying in 4 seconds...
[2026-05-16 22:25:07] INFO - Sending metrics to http://localhost:5000/metrics (attempt 3/3)
[2026-05-16 22:25:11] ERROR - Connection failed (attempt 3/3): Backend at http://localhost:5000/metrics is unreachable
[2026-05-16 22:25:11] ERROR - All 3 attempts failed. Metrics will be lost for this cycle.
[2026-05-16 22:25:11] WARNING - Cycle #5 completed with errors (metrics not delivered)
[2026-05-16 22:25:11] INFO - Sleeping 5 seconds until next cycle...
[2026-05-16 22:25:13] INFO - Shutdown requested during sleep
[2026-05-16 22:25:13] INFO - MetricGuard Collector stopped.
